  Game_Window.cpp
C:\Users\quinn\source\repos\Tetris Video Game Group Project\Tetris Video Game Group Project\Game_Logic.h(99,9): warning C4244:  '=': conversion from 'int' to 'float', possible loss of data
C:\Users\quinn\source\repos\Tetris Video Game Group Project\Tetris Video Game Group Project\Main_Menu.h(35,1): warning C4305:  'argument': truncation from 'double' to 'T'
C:\Users\quinn\source\repos\Tetris Video Game Group Project\Tetris Video Game Group Project\Main_Menu.h(35,1): warning C4305:         with
C:\Users\quinn\source\repos\Tetris Video Game Group Project\Tetris Video Game Group Project\Main_Menu.h(35,1): warning C4305:         [
C:\Users\quinn\source\repos\Tetris Video Game Group Project\Tetris Video Game Group Project\Main_Menu.h(35,1): warning C4305:             T=float
C:\Users\quinn\source\repos\Tetris Video Game Group Project\Tetris Video Game Group Project\Main_Menu.h(35,1): warning C4305:         ]
C:\Users\quinn\source\repos\Tetris Video Game Group Project\Tetris Video Game Group Project\Main_Menu.h(60,38): warning C4244:  'argument': conversion from 'int' to 'float', possible loss of data
C:\Users\quinn\source\repos\Tetris Video Game Group Project\Tetris Video Game Group Project\Game_Window.cpp(180,33): warning C4305:  'argument': truncation from 'double' to 'float'
C:\Users\quinn\source\repos\Tetris Video Game Group Project\Tetris Video Game Group Project\Game_Window.cpp(181,49): warning C4244:  'argument': conversion from 'int' to 'T', possible loss of data
C:\Users\quinn\source\repos\Tetris Video Game Group Project\Tetris Video Game Group Project\Game_Window.cpp(181,49): warning C4244:         with
C:\Users\quinn\source\repos\Tetris Video Game Group Project\Tetris Video Game Group Project\Game_Window.cpp(181,49): warning C4244:         [
C:\Users\quinn\source\repos\Tetris Video Game Group Project\Tetris Video Game Group Project\Game_Window.cpp(181,49): warning C4244:             T=float
C:\Users\quinn\source\repos\Tetris Video Game Group Project\Tetris Video Game Group Project\Game_Window.cpp(181,49): warning C4244:         ]
C:\Users\quinn\source\repos\Tetris Video Game Group Project\Tetris Video Game Group Project\Game_Window.cpp(181,34): warning C4244:  'argument': conversion from 'int' to 'T', possible loss of data
C:\Users\quinn\source\repos\Tetris Video Game Group Project\Tetris Video Game Group Project\Game_Window.cpp(181,34): warning C4244:         with
C:\Users\quinn\source\repos\Tetris Video Game Group Project\Tetris Video Game Group Project\Game_Window.cpp(181,34): warning C4244:         [
C:\Users\quinn\source\repos\Tetris Video Game Group Project\Tetris Video Game Group Project\Game_Window.cpp(181,34): warning C4244:             T=float
C:\Users\quinn\source\repos\Tetris Video Game Group Project\Tetris Video Game Group Project\Game_Window.cpp(181,34): warning C4244:         ]
C:\Users\quinn\source\repos\Tetris Video Game Group Project\Tetris Video Game Group Project\Game_Window.cpp(182,23): warning C4244:  'argument': conversion from 'int' to 'float', possible loss of data
C:\Users\quinn\source\repos\Tetris Video Game Group Project\Tetris Video Game Group Project\Game_Window.cpp(182,16): warning C4244:  'argument': conversion from 'int' to 'float', possible loss of data
C:\Users\quinn\source\repos\Tetris Video Game Group Project\Tetris Video Game Group Project\Game_Window.cpp(198,33): warning C4305:  'argument': truncation from 'double' to 'float'
C:\Users\quinn\source\repos\Tetris Video Game Group Project\Tetris Video Game Group Project\Game_Window.cpp(199,49): warning C4244:  'argument': conversion from 'int' to 'T', possible loss of data
C:\Users\quinn\source\repos\Tetris Video Game Group Project\Tetris Video Game Group Project\Game_Window.cpp(199,49): warning C4244:         with
C:\Users\quinn\source\repos\Tetris Video Game Group Project\Tetris Video Game Group Project\Game_Window.cpp(199,49): warning C4244:         [
C:\Users\quinn\source\repos\Tetris Video Game Group Project\Tetris Video Game Group Project\Game_Window.cpp(199,49): warning C4244:             T=float
C:\Users\quinn\source\repos\Tetris Video Game Group Project\Tetris Video Game Group Project\Game_Window.cpp(199,49): warning C4244:         ]
C:\Users\quinn\source\repos\Tetris Video Game Group Project\Tetris Video Game Group Project\Game_Window.cpp(199,34): warning C4244:  'argument': conversion from 'int' to 'T', possible loss of data
C:\Users\quinn\source\repos\Tetris Video Game Group Project\Tetris Video Game Group Project\Game_Window.cpp(199,34): warning C4244:         with
C:\Users\quinn\source\repos\Tetris Video Game Group Project\Tetris Video Game Group Project\Game_Window.cpp(199,34): warning C4244:         [
C:\Users\quinn\source\repos\Tetris Video Game Group Project\Tetris Video Game Group Project\Game_Window.cpp(199,34): warning C4244:             T=float
C:\Users\quinn\source\repos\Tetris Video Game Group Project\Tetris Video Game Group Project\Game_Window.cpp(199,34): warning C4244:         ]
C:\Users\quinn\source\repos\Tetris Video Game Group Project\Tetris Video Game Group Project\Game_Window.cpp(200,23): warning C4244:  'argument': conversion from 'int' to 'float', possible loss of data
C:\Users\quinn\source\repos\Tetris Video Game Group Project\Tetris Video Game Group Project\Game_Window.cpp(200,16): warning C4244:  'argument': conversion from 'int' to 'float', possible loss of data
C:\Users\quinn\source\repos\Tetris Video Game Group Project\Tetris Video Game Group Project\Game_Window.cpp(222,33): warning C4305:  'argument': truncation from 'double' to 'float'
C:\Users\quinn\source\repos\Tetris Video Game Group Project\Tetris Video Game Group Project\Game_Window.cpp(223,49): warning C4244:  'argument': conversion from 'int' to 'T', possible loss of data
C:\Users\quinn\source\repos\Tetris Video Game Group Project\Tetris Video Game Group Project\Game_Window.cpp(223,49): warning C4244:         with
C:\Users\quinn\source\repos\Tetris Video Game Group Project\Tetris Video Game Group Project\Game_Window.cpp(223,49): warning C4244:         [
C:\Users\quinn\source\repos\Tetris Video Game Group Project\Tetris Video Game Group Project\Game_Window.cpp(223,49): warning C4244:             T=float
C:\Users\quinn\source\repos\Tetris Video Game Group Project\Tetris Video Game Group Project\Game_Window.cpp(223,49): warning C4244:         ]
C:\Users\quinn\source\repos\Tetris Video Game Group Project\Tetris Video Game Group Project\Game_Window.cpp(223,34): warning C4244:  'argument': conversion from 'int' to 'T', possible loss of data
C:\Users\quinn\source\repos\Tetris Video Game Group Project\Tetris Video Game Group Project\Game_Window.cpp(223,34): warning C4244:         with
C:\Users\quinn\source\repos\Tetris Video Game Group Project\Tetris Video Game Group Project\Game_Window.cpp(223,34): warning C4244:         [
C:\Users\quinn\source\repos\Tetris Video Game Group Project\Tetris Video Game Group Project\Game_Window.cpp(223,34): warning C4244:             T=float
C:\Users\quinn\source\repos\Tetris Video Game Group Project\Tetris Video Game Group Project\Game_Window.cpp(223,34): warning C4244:         ]
C:\Users\quinn\source\repos\Tetris Video Game Group Project\Tetris Video Game Group Project\Game_Window.cpp(239,33): warning C4305:  'argument': truncation from 'double' to 'float'
C:\Users\quinn\source\repos\Tetris Video Game Group Project\Tetris Video Game Group Project\Game_Window.cpp(240,49): warning C4244:  'argument': conversion from 'int' to 'T', possible loss of data
C:\Users\quinn\source\repos\Tetris Video Game Group Project\Tetris Video Game Group Project\Game_Window.cpp(240,49): warning C4244:         with
C:\Users\quinn\source\repos\Tetris Video Game Group Project\Tetris Video Game Group Project\Game_Window.cpp(240,49): warning C4244:         [
C:\Users\quinn\source\repos\Tetris Video Game Group Project\Tetris Video Game Group Project\Game_Window.cpp(240,49): warning C4244:             T=float
C:\Users\quinn\source\repos\Tetris Video Game Group Project\Tetris Video Game Group Project\Game_Window.cpp(240,49): warning C4244:         ]
C:\Users\quinn\source\repos\Tetris Video Game Group Project\Tetris Video Game Group Project\Game_Window.cpp(240,34): warning C4244:  'argument': conversion from 'int' to 'T', possible loss of data
C:\Users\quinn\source\repos\Tetris Video Game Group Project\Tetris Video Game Group Project\Game_Window.cpp(240,34): warning C4244:         with
C:\Users\quinn\source\repos\Tetris Video Game Group Project\Tetris Video Game Group Project\Game_Window.cpp(240,34): warning C4244:         [
C:\Users\quinn\source\repos\Tetris Video Game Group Project\Tetris Video Game Group Project\Game_Window.cpp(240,34): warning C4244:             T=float
C:\Users\quinn\source\repos\Tetris Video Game Group Project\Tetris Video Game Group Project\Game_Window.cpp(240,34): warning C4244:         ]
C:\Users\quinn\source\repos\Tetris Video Game Group Project\Tetris Video Game Group Project\Game_Window.cpp(274,68): warning C4244:  'argument': conversion from 'int' to 'T', possible loss of data
C:\Users\quinn\source\repos\Tetris Video Game Group Project\Tetris Video Game Group Project\Game_Window.cpp(274,68): warning C4244:         with
C:\Users\quinn\source\repos\Tetris Video Game Group Project\Tetris Video Game Group Project\Game_Window.cpp(274,68): warning C4244:         [
C:\Users\quinn\source\repos\Tetris Video Game Group Project\Tetris Video Game Group Project\Game_Window.cpp(274,68): warning C4244:             T=float
C:\Users\quinn\source\repos\Tetris Video Game Group Project\Tetris Video Game Group Project\Game_Window.cpp(274,68): warning C4244:         ]
C:\Users\quinn\source\repos\Tetris Video Game Group Project\Tetris Video Game Group Project\Game_Window.cpp(274,43): warning C4244:  'argument': conversion from 'int' to 'T', possible loss of data
C:\Users\quinn\source\repos\Tetris Video Game Group Project\Tetris Video Game Group Project\Game_Window.cpp(274,43): warning C4244:         with
C:\Users\quinn\source\repos\Tetris Video Game Group Project\Tetris Video Game Group Project\Game_Window.cpp(274,43): warning C4244:         [
C:\Users\quinn\source\repos\Tetris Video Game Group Project\Tetris Video Game Group Project\Game_Window.cpp(274,43): warning C4244:             T=float
C:\Users\quinn\source\repos\Tetris Video Game Group Project\Tetris Video Game Group Project\Game_Window.cpp(274,43): warning C4244:         ]
C:\Users\quinn\source\repos\Tetris Video Game Group Project\Tetris Video Game Group Project\Game_Window.cpp(277,22): warning C4244:  'argument': conversion from 'int' to 'float', possible loss of data
C:\Users\quinn\source\repos\Tetris Video Game Group Project\Tetris Video Game Group Project\Game_Window.cpp(277,15): warning C4244:  'argument': conversion from 'int' to 'float', possible loss of data
C:\Users\quinn\source\repos\Tetris Video Game Group Project\Tetris Video Game Group Project\Game_Window.cpp(298,63): warning C4244:  'argument': conversion from 'int' to 'T', possible loss of data
C:\Users\quinn\source\repos\Tetris Video Game Group Project\Tetris Video Game Group Project\Game_Window.cpp(298,63): warning C4244:         with
C:\Users\quinn\source\repos\Tetris Video Game Group Project\Tetris Video Game Group Project\Game_Window.cpp(298,63): warning C4244:         [
C:\Users\quinn\source\repos\Tetris Video Game Group Project\Tetris Video Game Group Project\Game_Window.cpp(298,63): warning C4244:             T=float
C:\Users\quinn\source\repos\Tetris Video Game Group Project\Tetris Video Game Group Project\Game_Window.cpp(298,63): warning C4244:         ]
C:\Users\quinn\source\repos\Tetris Video Game Group Project\Tetris Video Game Group Project\Game_Window.cpp(298,41): warning C4244:  'argument': conversion from 'int' to 'T', possible loss of data
C:\Users\quinn\source\repos\Tetris Video Game Group Project\Tetris Video Game Group Project\Game_Window.cpp(298,41): warning C4244:         with
C:\Users\quinn\source\repos\Tetris Video Game Group Project\Tetris Video Game Group Project\Game_Window.cpp(298,41): warning C4244:         [
C:\Users\quinn\source\repos\Tetris Video Game Group Project\Tetris Video Game Group Project\Game_Window.cpp(298,41): warning C4244:             T=float
C:\Users\quinn\source\repos\Tetris Video Game Group Project\Tetris Video Game Group Project\Game_Window.cpp(298,41): warning C4244:         ]
C:\Users\quinn\source\repos\Tetris Video Game Group Project\Tetris Video Game Group Project\Game_Window.cpp(315,81): warning C4244:  'argument': conversion from 'int' to 'T', possible loss of data
C:\Users\quinn\source\repos\Tetris Video Game Group Project\Tetris Video Game Group Project\Game_Window.cpp(315,81): warning C4244:         with
C:\Users\quinn\source\repos\Tetris Video Game Group Project\Tetris Video Game Group Project\Game_Window.cpp(315,81): warning C4244:         [
C:\Users\quinn\source\repos\Tetris Video Game Group Project\Tetris Video Game Group Project\Game_Window.cpp(315,81): warning C4244:             T=float
C:\Users\quinn\source\repos\Tetris Video Game Group Project\Tetris Video Game Group Project\Game_Window.cpp(315,81): warning C4244:         ]
  Main_Menu.cpp
C:\Users\quinn\source\repos\Tetris Video Game Group Project\Tetris Video Game Group Project\Game_Window.cpp(315,50): warning C4244:  'argument': conversion from 'int' to 'T', possible loss of data
C:\Users\quinn\source\repos\Tetris Video Game Group Project\Tetris Video Game Group Project\Game_Window.cpp(315,50): warning C4244:         with
C:\Users\quinn\source\repos\Tetris Video Game Group Project\Tetris Video Game Group Project\Game_Window.cpp(315,50): warning C4244:         [
C:\Users\quinn\source\repos\Tetris Video Game Group Project\Tetris Video Game Group Project\Game_Window.cpp(315,50): warning C4244:             T=float
C:\Users\quinn\source\repos\Tetris Video Game Group Project\Tetris Video Game Group Project\Game_Window.cpp(315,50): warning C4244:         ]
C:\Users\quinn\source\repos\Tetris Video Game Group Project\Tetris Video Game Group Project\Main_Menu.h(35,1): warning C4305:  'argument': truncation from 'double' to 'T'
C:\Users\quinn\source\repos\Tetris Video Game Group Project\Tetris Video Game Group Project\Main_Menu.h(35,1): warning C4305:         with
C:\Users\quinn\source\repos\Tetris Video Game Group Project\Tetris Video Game Group Project\Main_Menu.h(35,1): warning C4305:         [
C:\Users\quinn\source\repos\Tetris Video Game Group Project\Tetris Video Game Group Project\Main_Menu.h(35,1): warning C4305:             T=float
C:\Users\quinn\source\repos\Tetris Video Game Group Project\Tetris Video Game Group Project\Main_Menu.h(35,1): warning C4305:         ]
C:\Users\quinn\source\repos\Tetris Video Game Group Project\Tetris Video Game Group Project\Main_Menu.h(60,38): warning C4244:  'argument': conversion from 'int' to 'float', possible loss of data
C:\Users\quinn\source\repos\Tetris Video Game Group Project\Tetris Video Game Group Project\Main_Menu.cpp(194,49): warning C4244:  'argument': conversion from 'int' to 'T', possible loss of data
C:\Users\quinn\source\repos\Tetris Video Game Group Project\Tetris Video Game Group Project\Main_Menu.cpp(194,49): warning C4244:         with
C:\Users\quinn\source\repos\Tetris Video Game Group Project\Tetris Video Game Group Project\Main_Menu.cpp(194,49): warning C4244:         [
C:\Users\quinn\source\repos\Tetris Video Game Group Project\Tetris Video Game Group Project\Main_Menu.cpp(194,49): warning C4244:             T=float
C:\Users\quinn\source\repos\Tetris Video Game Group Project\Tetris Video Game Group Project\Main_Menu.cpp(194,49): warning C4244:         ]
  main.cpp
C:\Users\quinn\source\repos\Tetris Video Game Group Project\Tetris Video Game Group Project\Main_Menu.cpp(319,49): warning C4244:  'argument': conversion from 'int' to 'T', possible loss of data
C:\Users\quinn\source\repos\Tetris Video Game Group Project\Tetris Video Game Group Project\Main_Menu.cpp(319,49): warning C4244:         with
C:\Users\quinn\source\repos\Tetris Video Game Group Project\Tetris Video Game Group Project\Main_Menu.cpp(319,49): warning C4244:         [
C:\Users\quinn\source\repos\Tetris Video Game Group Project\Tetris Video Game Group Project\Main_Menu.cpp(319,49): warning C4244:             T=float
C:\Users\quinn\source\repos\Tetris Video Game Group Project\Tetris Video Game Group Project\Main_Menu.cpp(319,49): warning C4244:         ]
C:\Users\quinn\source\repos\Tetris Video Game Group Project\Tetris Video Game Group Project\Game_Logic.h(99,9): warning C4244:  '=': conversion from 'int' to 'float', possible loss of data
C:\Users\quinn\source\repos\Tetris Video Game Group Project\Tetris Video Game Group Project\Main_Menu.h(35,1): warning C4305:  'argument': truncation from 'double' to 'T'
C:\Users\quinn\source\repos\Tetris Video Game Group Project\Tetris Video Game Group Project\Main_Menu.h(35,1): warning C4305:         with
C:\Users\quinn\source\repos\Tetris Video Game Group Project\Tetris Video Game Group Project\Main_Menu.h(35,1): warning C4305:         [
C:\Users\quinn\source\repos\Tetris Video Game Group Project\Tetris Video Game Group Project\Main_Menu.h(35,1): warning C4305:             T=float
C:\Users\quinn\source\repos\Tetris Video Game Group Project\Tetris Video Game Group Project\Main_Menu.h(35,1): warning C4305:         ]
C:\Users\quinn\source\repos\Tetris Video Game Group Project\Tetris Video Game Group Project\Main_Menu.h(60,38): warning C4244:  'argument': conversion from 'int' to 'float', possible loss of data
  Generating Code...
C:\Users\quinn\source\repos\Tetris Video Game Group Project\Tetris Video Game Group Project\main.cpp(5,12): warning C4244:  'argument': conversion from 'time_t' to 'unsigned int', possible loss of data
  Tetris Video Game Group Project.vcxproj -> C:\Users\quinn\source\repos\Tetris Video Game Group Project\Debug\Tetris Video Game Group Project.exe
